<?xml version="1.0" encoding="UTF-8"?>
<testsuite name="com.nick.todolist.Service.TaskServiceImplTest" tests="1" skipped="0" failures="0" errors="0" timestamp="2020-05-11T09:35:33" hostname="MacBook-Pro.local" time="0.452">
  <properties/>
  <testcase name="findAllTasksTest()" classname="com.nick.todolist.Service.TaskServiceImplTest" time="0.452"/>
  <system-out><![CDATA[17:35:11.021 [Test worker] DEBUG org.springframework.test.context.BootstrapUtils - Instantiating CacheAwareContextLoaderDelegate from class [org.springframework.test.context.cache.DefaultCacheAwareContextLoaderDelegate]
17:35:11.037 [Test worker] DEBUG org.springframework.test.context.BootstrapUtils - Instantiating BootstrapContext using constructor [public org.springframework.test.context.support.DefaultBootstrapContext(java.lang.Class,org.springframework.test.context.CacheAwareContextLoaderDelegate)]
17:35:11.066 [Test worker] DEBUG org.springframework.test.context.BootstrapUtils - Instantiating TestContextBootstrapper for test class [com.nick.todolist.Service.TaskServiceImplTest] from class [org.springframework.boot.test.context.SpringBootTestContextBootstrapper]
17:35:11.092 [Test worker] INFO org.springframework.boot.test.context.SpringBootTestContextBootstrapper - Neither @ContextConfiguration nor @ContextHierarchy found for test class [com.nick.todolist.Service.TaskServiceImplTest], using SpringBootContextLoader
17:35:11.097 [Test worker] DEBUG org.springframework.test.context.support.AbstractContextLoader - Did not detect default resource location for test class [com.nick.todolist.Service.TaskServiceImplTest]: class path resource [com/nick/todolist/Service/TaskServiceImplTest-context.xml] does not exist
17:35:11.097 [Test worker] DEBUG org.springframework.test.context.support.AbstractContextLoader - Did not detect default resource location for test class [com.nick.todolist.Service.TaskServiceImplTest]: class path resource [com/nick/todolist/Service/TaskServiceImplTestContext.groovy] does not exist
17:35:11.097 [Test worker] INFO org.springframework.test.context.support.AbstractContextLoader - Could not detect default resource locations for test class [com.nick.todolist.Service.TaskServiceImplTest]: no resource found for suffixes {-context.xml, Context.groovy}.
17:35:11.098 [Test worker] INFO org.springframework.test.context.support.AnnotationConfigContextLoaderUtils - Could not detect default configuration classes for test class [com.nick.todolist.Service.TaskServiceImplTest]: TaskServiceImplTest does not declare any static, non-private, non-final, nested classes annotated with @Configuration.
17:35:11.157 [Test worker] DEBUG org.springframework.test.context.support.ActiveProfilesUtils - Could not find an 'annotation declaring class' for annotation type [org.springframework.test.context.ActiveProfiles] and class [com.nick.todolist.Service.TaskServiceImplTest]
17:35:11.269 [Test worker] DEBUG org.springframework.context.annotation.ClassPathScanningCandidateComponentProvider - Identified candidate component class: file [/Users/nick/NickTien/Github/Nick.TodoList/build/classes/java/main/com/nick/todolist/TodolistApplication.class]
17:35:11.270 [Test worker] INFO org.springframework.boot.test.context.SpringBootTestContextBootstrapper - Found @SpringBootConfiguration com.nick.todolist.TodolistApplication for test class com.nick.todolist.Service.TaskServiceImplTest
17:35:11.404 [Test worker] DEBUG org.springframework.boot.test.context.SpringBootTestContextBootstrapper - @TestExecutionListeners is not present for class [com.nick.todolist.Service.TaskServiceImplTest]: using defaults.
17:35:11.405 [Test worker] INFO org.springframework.boot.test.context.SpringBootTestContextBootstrapper - Loaded default TestExecutionListener class names from location [META-INF/spring.factories]: [org.springframework.boot.test.autoconfigure.restdocs.RestDocsTestExecutionListener, org.springframework.boot.test.autoconfigure.web.client.MockRestServiceServerResetTestExecutionListener, org.springframework.boot.test.autoconfigure.web.servlet.MockMvcPrintOnlyOnFailureTestExecutionListener, org.springframework.boot.test.autoconfigure.web.servlet.WebDriverTestExecutionListener, org.springframework.boot.test.mock.mockito.MockitoTestExecutionListener, org.springframework.boot.test.mock.mockito.ResetMocksTestExecutionListener, org.springframework.test.context.web.ServletTestExecutionListener, org.springframework.test.context.support.DirtiesContextBeforeModesTestExecutionListener, org.springframework.test.context.support.DependencyInjectionTestExecutionListener, org.springframework.test.context.support.DirtiesContextTestExecutionListener, org.springframework.test.context.transaction.TransactionalTestExecutionListener, org.springframework.test.context.jdbc.SqlScriptsTestExecutionListener, org.springframework.test.context.event.EventPublishingTestExecutionListener]
17:35:11.440 [Test worker] INFO org.springframework.boot.test.context.SpringBootTestContextBootstrapper - Using TestExecutionListeners: [org.springframework.test.context.web.ServletTestExecutionListener@232cd842, org.springframework.test.context.support.DirtiesContextBeforeModesTestExecutionListener@3d94d4c5, org.springframework.boot.test.mock.mockito.MockitoTestExecutionListener@400e08d2, org.springframework.boot.test.autoconfigure.SpringBootDependencyInjectionTestExecutionListener@9f5772e, org.springframework.test.context.support.DirtiesContextTestExecutionListener@4c5e509a, org.springframework.test.context.transaction.TransactionalTestExecutionListener@57779728, org.springframework.test.context.jdbc.SqlScriptsTestExecutionListener@678f4d8c, org.springframework.test.context.event.EventPublishingTestExecutionListener@45611a54, org.springframework.boot.test.autoconfigure.restdocs.RestDocsTestExecutionListener@7b0548e2, org.springframework.boot.test.autoconfigure.web.client.MockRestServiceServerResetTestExecutionListener@10204e7d, org.springframework.boot.test.autoconfigure.web.servlet.MockMvcPrintOnlyOnFailureTestExecutionListener@d5e82d8, org.springframework.boot.test.autoconfigure.web.servlet.WebDriverTestExecutionListener@40a09a9d, org.springframework.boot.test.mock.mockito.ResetMocksTestExecutionListener@11339833]
17:35:11.445 [Test worker] DEBUG org.springframework.test.context.support.AbstractDirtiesContextTestExecutionListener - Before test class: context [DefaultTestContext@434af9a1 testClass = TaskServiceImplTest, testInstance = [null], testMethod = [null], testException = [null], mergedContextConfiguration = [WebMergedContextConfiguration@6855df87 testClass = TaskServiceImplTest, locations = '{}', classes = '{class com.nick.todolist.TodolistApplication}', contextInitializerClasses = '[]', activeProfiles = '{}', propertySourceLocations = '{}', propertySourceProperties = '{org.springframework.boot.test.context.SpringBootTestContextBootstrapper=true}', contextCustomizers = set[org.springframework.boot.test.autoconfigure.properties.PropertyMappingContextCustomizer@0, org.springframework.boot.test.autoconfigure.web.servlet.WebDriverContextCustomizerFactory$Customizer@214c112a, org.springframework.boot.test.context.filter.ExcludeFilterContextCustomizer@45b2417a, org.springframework.boot.test.json.DuplicateJsonObjectContextCustomizerFactory$DuplicateJsonObjectContextCustomizer@30975f15, org.springframework.boot.test.mock.mockito.MockitoContextCustomizer@0, org.springframework.boot.test.web.client.TestRestTemplateContextCustomizer@14ee4aa2, org.springframework.boot.test.context.SpringBootTestArgs@1], resourceBasePath = 'src/main/webapp', contextLoader = 'org.springframework.boot.test.context.SpringBootContextLoader', parent = [null]], attributes = map['org.springframework.test.context.web.ServletTestExecutionListener.activateListener' -> true]], class annotated with @DirtiesContext [false] with mode [null].
17:35:11.534 [Test worker] DEBUG org.springframework.test.context.support.TestPropertySourceUtils - Adding inlined properties to environment: {spring.jmx.enabled=false, org.springframework.boot.test.context.SpringBootTestContextBootstrapper=true, server.port=-1}

  .   ____          _            __ _ _
 /\\ / ___'_ __ _ _(_)_ __  __ _ \ \ \ \
( ( )\___ | '_ | '_| | '_ \/ _` | \ \ \ \
 \\/  ___)| |_)| | | | | || (_| |  ) ) ) )
  '  |____| .__|_| |_|_| |_\__, | / / / /
 =========|_|==============|___/=/_/_/_/
 :: Spring Boot ::        (v2.2.7.RELEASE)

2020-05-11 17:35:22.110  WARN 28666 --- [    Test worker] o.s.boot.StartupInfoLogger               : InetAddress.getLocalHost().getHostName() took 5006 milliseconds to respond. Please verify your network configuration (macOS machines may need to add entries to /etc/hosts).
2020-05-11 17:35:27.120  INFO 28666 --- [    Test worker] c.n.t.Service.TaskServiceImplTest        : Starting TaskServiceImplTest on MacBook-Pro.local with PID 28666 (started by nick in /Users/nick/NickTien/Github/Nick.TodoList)
2020-05-11 17:35:27.121  INFO 28666 --- [    Test worker] c.n.t.Service.TaskServiceImplTest        : No active profile set, falling back to default profiles: default
2020-05-11 17:35:27.993  INFO 28666 --- [    Test worker] .s.d.r.c.RepositoryConfigurationDelegate : Bootstrapping Spring Data JPA repositories in DEFAULT mode.
2020-05-11 17:35:28.104  INFO 28666 --- [    Test worker] .s.d.r.c.RepositoryConfigurationDelegate : Finished Spring Data repository scanning in 89ms. Found 1 JPA repository interfaces.
2020-05-11 17:35:29.150  INFO 28666 --- [    Test worker] o.hibernate.jpa.internal.util.LogHelper  : HHH000204: Processing PersistenceUnitInfo [name: default]
2020-05-11 17:35:29.247  INFO 28666 --- [    Test worker] org.hibernate.Version                    : HHH000412: Hibernate ORM core version 5.4.15.Final
2020-05-11 17:35:29.544  INFO 28666 --- [    Test worker] o.hibernate.annotations.common.Version   : HCANN000001: Hibernate Commons Annotations {5.1.0.Final}
2020-05-11 17:35:29.735  INFO 28666 --- [    Test worker] com.zaxxer.hikari.HikariDataSource       : HikariPool-1 - Starting...
2020-05-11 17:35:29.741  WARN 28666 --- [    Test worker] com.zaxxer.hikari.util.DriverDataSource  : Registered driver with driverClassName=com.mysql.jdbc.Driver was not found, trying direct instantiation.
2020-05-11 17:35:30.238  INFO 28666 --- [    Test worker] com.zaxxer.hikari.HikariDataSource       : HikariPool-1 - Start completed.
2020-05-11 17:35:30.301  INFO 28666 --- [    Test worker] org.hibernate.dialect.Dialect            : HHH000400: Using dialect: org.hibernate.dialect.MySQL8Dialect
2020-05-11 17:35:31.886  INFO 28666 --- [    Test worker] o.h.e.t.j.p.i.JtaPlatformInitiator       : HHH000490: Using JtaPlatform implementation: [org.hibernate.engine.transaction.jta.platform.internal.NoJtaPlatform]
2020-05-11 17:35:31.894  INFO 28666 --- [    Test worker] j.LocalContainerEntityManagerFactoryBean : Initialized JPA EntityManagerFactory for persistence unit 'default'
2020-05-11 17:35:32.727  WARN 28666 --- [    Test worker] JpaBaseConfiguration$JpaWebConfiguration : spring.jpa.open-in-view is enabled by default. Therefore, database queries may be performed during view rendering. Explicitly configure spring.jpa.open-in-view to disable this warning
2020-05-11 17:35:33.100  INFO 28666 --- [    Test worker] o.s.s.concurrent.ThreadPoolTaskExecutor  : Initializing ExecutorService 'applicationTaskExecutor'
2020-05-11 17:35:33.889  INFO 28666 --- [    Test worker] c.n.t.Service.TaskServiceImplTest        : Started TaskServiceImplTest in 22.333 seconds (JVM running for 24.089)
Hibernate: select task0_.id as id1_0_, task0_.create_date as create_d2_0_, task0_.dead_line as dead_lin3_0_, task0_.description as descript4_0_, task0_.title as title5_0_ from task task0_
[
  {
    "id": 1,
    "title": "99999",
    "description": "desc1",
    "createDate": "May 9, 2020 2:08:42 AM"
  },
  {
    "id": 2,
    "title": "task12",
    "description": "desc2",
    "deadLine": "May 9, 2020 2:34:31 AM",
    "createDate": "May 9, 2020 2:34:31 AM"
  },
  {
    "id": 3,
    "title": "task13",
    "description": "desc3",
    "deadLine": "May 9, 2020 2:37:50 AM",
    "createDate": "May 9, 2020 2:37:50 AM"
  },
  {
    "id": 4,
    "title": "task13",
    "description": "desc3",
    "deadLine": "May 9, 2020 2:42:59 AM",
    "createDate": "May 9, 2020 2:42:59 AM"
  },
  {
    "id": 6,
    "title": "task13",
    "description": "desc3",
    "deadLine": "May 9, 2020 2:45:29 AM",
    "createDate": "May 9, 2020 2:45:29 AM"
  }
]
]]></system-out>
  <system-err><![CDATA[Loading class `com.mysql.jdbc.Driver'. This is deprecated. The new driver class is `com.mysql.cj.jdbc.Driver'. The driver is automatically registered via the SPI and manual loading of the driver class is generally unnecessary.
]]></system-err>
</testsuite>
